0 info it worked if it ends with ok
1 verbose cli [ 'c:\\Program Files\\nodejs\\node.exe',
1 verbose cli   'c:\\Program Files\\nodejs\\node_modules\\npm\\bin\\npm-cli.js',
1 verbose cli   'install',
1 verbose cli   '-g',
1 verbose cli   'topojson' ]
2 info using npm@1.2.18
3 info using node@v0.10.5
4 verbose read json C:\Users\ChocobuckleEX\AppData\Roaming\npm\package.json
5 verbose read json C:\Users\ChocobuckleEX\AppData\Roaming\npm\package.json
6 verbose cache add [ 'topojson', null ]
7 verbose cache add name=undefined spec="topojson" args=["topojson",null]
8 verbose parsed url { protocol: null,
8 verbose parsed url   slashes: null,
8 verbose parsed url   auth: null,
8 verbose parsed url   host: null,
8 verbose parsed url   port: null,
8 verbose parsed url   hostname: null,
8 verbose parsed url   hash: null,
8 verbose parsed url   search: null,
8 verbose parsed url   query: null,
8 verbose parsed url   pathname: 'topojson',
8 verbose parsed url   path: 'topojson',
8 verbose parsed url   href: 'topojson' }
9 silly lockFile 947c2103-topojson topojson
10 verbose lock topojson C:\Users\ChocobuckleEX\AppData\Roaming\npm-cache\947c2103-topojson.lock
11 silly lockFile 947c2103-topojson topojson
12 silly lockFile 947c2103-topojson topojson
13 verbose addNamed [ 'topojson', '' ]
14 verbose addNamed [ null, '' ]
15 silly lockFile 7edf76d6-topojson topojson@
16 verbose lock topojson@ C:\Users\ChocobuckleEX\AppData\Roaming\npm-cache\7edf76d6-topojson.lock
17 silly addNameRange { name: 'topojson', range: '', hasData: false }
18 verbose url raw topojson
19 verbose url resolving [ 'https://registry.npmjs.org/', './topojson' ]
20 verbose url resolved https://registry.npmjs.org/topojson
21 info trying registry request attempt 1 at 15:14:07
22 http GET https://registry.npmjs.org/topojson
23 info retry will retry, error on last attempt: Error: SELF_SIGNED_CERT_IN_CHAIN
24 info trying registry request attempt 2 at 15:14:17
25 http GET https://registry.npmjs.org/topojson
26 info retry will retry, error on last attempt: Error: SELF_SIGNED_CERT_IN_CHAIN
27 info trying registry request attempt 3 at 15:15:17
28 http GET https://registry.npmjs.org/topojson
29 silly lockFile 7edf76d6-topojson topojson@
30 silly lockFile 7edf76d6-topojson topojson@
31 error Error: SELF_SIGNED_CERT_IN_CHAIN
31 error     at SecurePair.<anonymous> (tls.js:1283:32)
31 error     at SecurePair.EventEmitter.emit (events.js:92:17)
31 error     at SecurePair.maybeInitFinished (tls.js:896:10)
31 error     at CleartextStream.read [as _read] (tls.js:430:15)
31 error     at CleartextStream.Readable.read (_stream_readable.js:304:10)
31 error     at EncryptedStream.write [as _write] (tls.js:344:25)
31 error     at doWrite (_stream_writable.js:211:10)
31 error     at writeOrBuffer (_stream_writable.js:201:5)
31 error     at EncryptedStream.Writable.write (_stream_writable.js:172:11)
31 error     at write (_stream_readable.js:557:24)
32 error If you need help, you may report this log at:
32 error     <http://github.com/isaacs/npm/issues>
32 error or email it to:
32 error     <npm-@googlegroups.com>
33 error System Windows_NT 6.1.7601
34 error command "c:\\Program Files\\nodejs\\node.exe" "c:\\Program Files\\nodejs\\node_modules\\npm\\bin\\npm-cli.js" "install" "-g" "topojson"
35 error cwd c:\Users\ChocobuckleEX\Desktop\canada-average-rent
36 error node -v v0.10.5
37 error npm -v 1.2.18
38 verbose exit [ 1, true ]
